<?xml version="1.0" encoding="UTF-8"?>
<testng-results skipped="0" failed="0" ignored="0" total="1" passed="1">
  <reporter-output>
  </reporter-output>
  <suite name="Default suite" duration-ms="58" started-at="2019-05-14T13:30:07Z" finished-at="2019-05-14T13:30:07Z">
    <groups>
    </groups>
    <test name="Default test" duration-ms="58" started-at="2019-05-14T13:30:07Z" finished-at="2019-05-14T13:30:07Z">
      <class name="com.uktd.qa.testcases.LoginTest">
        <test-method status="PASS" signature="beforeMethod()[pri:0, instance:com.uktd.qa.testcases.LoginTest@7d9d1a19]" name="beforeMethod" is-config="true" duration-ms="9" started-at="2019-05-14T13:30:07Z" finished-at="2019-05-14T13:30:07Z">
          <reporter-output>
          </reporter-output>
        </test-method> <!-- beforeMethod -->
        <test-method status="PASS" signature="f()[pri:0, instance:com.uktd.qa.testcases.LoginTest@7d9d1a19]" name="f" duration-ms="6" started-at="2019-05-14T13:30:07Z" finished-at="2019-05-14T13:30:07Z">
          <reporter-output>
          </reporter-output>
        </test-method> <!-- f -->
        <test-method status="PASS" signature="afterMethod()[pri:0, instance:com.uktd.qa.testcases.LoginTest@7d9d1a19]" name="afterMethod" is-config="true" duration-ms="0" started-at="2019-05-14T13:30:07Z" finished-at="2019-05-14T13:30:07Z">
          <reporter-output>
          </reporter-output>
        </test-method> <!-- afterMethod -->
      </class> <!-- com.uktd.qa.testcases.LoginTest -->
    </test> <!-- Default test -->
  </suite> <!-- Default suite -->
</testng-results>
