<?xml version="1.0" encoding="UTF-8"?>
<testng-results ignored="0" total="1" passed="1" failed="0" skipped="0">
  <reporter-output>
  </reporter-output>
  <suite started-at="2019-05-14T18:16:09Z" name="Default suite" finished-at="2019-05-14T18:16:09Z" duration-ms="173">
    <groups>
    </groups>
    <test started-at="2019-05-14T18:16:09Z" name="Default test" finished-at="2019-05-14T18:16:09Z" duration-ms="173">
      <class name="com.uktd.qa.testcases.LoginTest">
        <test-method is-config="true" signature="beforeMethod()[pri:0, instance:com.uktd.qa.testcases.LoginTest@6ff29830]" started-at="2019-05-14T18:16:09Z" name="beforeMethod" finished-at="2019-05-14T18:16:09Z" duration-ms="19" status="PASS">
          <reporter-output>
          </reporter-output>
        </test-method> <!-- beforeMethod -->
        <test-method signature="f()[pri:0, instance:com.uktd.qa.testcases.LoginTest@6ff29830]" started-at="2019-05-14T18:16:09Z" name="f" finished-at="2019-05-14T18:16:09Z" duration-ms="15" status="PASS">
          <reporter-output>
          </reporter-output>
        </test-method> <!-- f -->
        <test-method is-config="true" signature="afterMethod()[pri:0, instance:com.uktd.qa.testcases.LoginTest@6ff29830]" started-at="2019-05-14T18:16:09Z" name="afterMethod" finished-at="2019-05-14T18:16:09Z" duration-ms="0" status="PASS">
          <reporter-output>
          </reporter-output>
        </test-method> <!-- afterMethod -->
      </class> <!-- com.uktd.qa.testcases.LoginTest -->
    </test> <!-- Default test -->
  </suite> <!-- Default suite -->
</testng-results>
